[debug] [2025-03-09T08:44:32.953Z] ----------------------------------------------------------------------
[debug] [2025-03-09T08:44:32.955Z] Command:       C:\Program Files\nodejs\node.exe C:\Users\ZAHRINA CANDRA KANTI\AppData\Roaming\npm\node_modules\firebase-tools\lib\bin\firebase.js init functions
[debug] [2025-03-09T08:44:32.956Z] CLI Version:   13.33.0
[debug] [2025-03-09T08:44:32.956Z] Platform:      win32
[debug] [2025-03-09T08:44:32.956Z] Node Version:  v20.16.0
[debug] [2025-03-09T08:44:32.956Z] Time:          Sun Mar 09 2025 15:44:32 GMT+0700 (Western Indonesia Time)
[debug] [2025-03-09T08:44:32.956Z] ----------------------------------------------------------------------
[debug] 
[debug] [2025-03-09T08:44:33.140Z] > command requires scopes: ["email","openid","https://www.googleapis.com/auth/cloudplatformprojects.readonly","https://www.googleapis.com/auth/firebase","https://www.googleapis.com/auth/cloud-platform"]
[debug] [2025-03-09T08:44:33.140Z] > authorizing via signed-in user (zahrinacandrakanti@gmail.com)
[info] 
     ######## #### ########  ######## ########     ###     ######  ########
     ##        ##  ##     ## ##       ##     ##  ##   ##  ##       ##
     ######    ##  ########  ######   ########  #########  ######  ######
     ##        ##  ##    ##  ##       ##     ## ##     ##       ## ##
     ##       #### ##     ## ######## ########  ##     ##  ######  ########

You're about to initialize a Firebase project in this directory:

  C:\Users\ZAHRINA CANDRA KANTI\yellowbull

Before we get started, keep in mind:

  * You are initializing within an existing Firebase project directory

[info] 
=== Project Setup
[info] 
[info] First, let's associate this project directory with a Firebase project.
[info] You can create multiple project aliases by running firebase use --add, 
[info] but for now we'll just set up a default project.
[info] 
[debug] [2025-03-09T08:44:38.036Z] Using project from CLI flag: yellowbull-96845
[debug] [2025-03-09T08:44:38.037Z] Checked if tokens are valid: true, expires at: 1741511771492
[debug] [2025-03-09T08:44:38.037Z] Checked if tokens are valid: true, expires at: 1741511771492
[debug] [2025-03-09T08:44:38.039Z] >>> [apiv2][query] GET https://firebase.googleapis.com/v1beta1/projects/yellowbull-96845 [none]
[debug] [2025-03-09T08:44:38.929Z] <<< [apiv2][status] GET https://firebase.googleapis.com/v1beta1/projects/yellowbull-96845 200
[debug] [2025-03-09T08:44:38.930Z] <<< [apiv2][body] GET https://firebase.googleapis.com/v1beta1/projects/yellowbull-96845 {"projectId":"yellowbull-96845","projectNumber":"1022802458842","displayName":"yellowbull","name":"projects/yellowbull-96845","resources":{"hostingSite":"yellowbull-96845"},"state":"ACTIVE","etag":"1_52caac8a-00d2-497d-8e7e-a4432dd2b8d2"}
[info] i  Using project yellowbull-96845 (yellowbull) 
[info] 
=== Functions Setup
[debug] [2025-03-09T08:44:38.947Z] > command requires scopes: ["email","openid","https://www.googleapis.com/auth/cloudplatformprojects.readonly","https://www.googleapis.com/auth/firebase","https://www.googleapis.com/auth/cloud-platform"]
[debug] [2025-03-09T08:44:38.948Z] > authorizing via signed-in user (zahrinacandrakanti@gmail.com)
[debug] [2025-03-09T08:44:38.948Z] [iam] checking project yellowbull-96845 for permissions ["firebase.projects.get"]
[debug] [2025-03-09T08:44:38.948Z] Checked if tokens are valid: true, expires at: 1741511771492
[debug] [2025-03-09T08:44:38.948Z] Checked if tokens are valid: true, expires at: 1741511771492
[debug] [2025-03-09T08:44:38.948Z] >>> [apiv2][query] POST https://cloudresourcemanager.googleapis.com/v1/projects/yellowbull-96845:testIamPermissions [none]
[debug] [2025-03-09T08:44:38.948Z] >>> [apiv2][(partial)header] POST https://cloudresourcemanager.googleapis.com/v1/projects/yellowbull-96845:testIamPermissions x-goog-quota-user=projects/yellowbull-96845
[debug] [2025-03-09T08:44:38.948Z] >>> [apiv2][body] POST https://cloudresourcemanager.googleapis.com/v1/projects/yellowbull-96845:testIamPermissions {"permissions":["firebase.projects.get"]}
[debug] [2025-03-09T08:44:40.166Z] <<< [apiv2][status] POST https://cloudresourcemanager.googleapis.com/v1/projects/yellowbull-96845:testIamPermissions 200
[debug] [2025-03-09T08:44:40.166Z] <<< [apiv2][body] POST https://cloudresourcemanager.googleapis.com/v1/projects/yellowbull-96845:testIamPermissions {"permissions":["firebase.projects.get"]}
[debug] [2025-03-09T08:44:40.167Z] Checked if tokens are valid: true, expires at: 1741511771492
[debug] [2025-03-09T08:44:40.167Z] Checked if tokens are valid: true, expires at: 1741511771492
[debug] [2025-03-09T08:44:40.167Z] Checked if tokens are valid: true, expires at: 1741511771492
[debug] [2025-03-09T08:44:40.167Z] Checked if tokens are valid: true, expires at: 1741511771492
[debug] [2025-03-09T08:44:40.167Z] >>> [apiv2][query] GET https://serviceusage.googleapis.com/v1/projects/yellowbull-96845/services/cloudfunctions.googleapis.com [none]
[debug] [2025-03-09T08:44:40.167Z] >>> [apiv2][(partial)header] GET https://serviceusage.googleapis.com/v1/projects/yellowbull-96845/services/cloudfunctions.googleapis.com x-goog-quota-user=projects/yellowbull-96845
[debug] [2025-03-09T08:44:40.168Z] >>> [apiv2][query] GET https://serviceusage.googleapis.com/v1/projects/yellowbull-96845/services/runtimeconfig.googleapis.com [none]
[debug] [2025-03-09T08:44:40.168Z] >>> [apiv2][(partial)header] GET https://serviceusage.googleapis.com/v1/projects/yellowbull-96845/services/runtimeconfig.googleapis.com x-goog-quota-user=projects/yellowbull-96845
[debug] [2025-03-09T08:44:42.012Z] <<< [apiv2][status] GET https://serviceusage.googleapis.com/v1/projects/yellowbull-96845/services/runtimeconfig.googleapis.com 200
[debug] [2025-03-09T08:44:42.012Z] <<< [apiv2][body] GET https://serviceusage.googleapis.com/v1/projects/yellowbull-96845/services/runtimeconfig.googleapis.com [omitted]
[debug] [2025-03-09T08:44:42.013Z] <<< [apiv2][status] GET https://serviceusage.googleapis.com/v1/projects/yellowbull-96845/services/cloudfunctions.googleapis.com 200
[debug] [2025-03-09T08:44:42.013Z] <<< [apiv2][body] GET https://serviceusage.googleapis.com/v1/projects/yellowbull-96845/services/cloudfunctions.googleapis.com [omitted]
[info] 
Detected existing codebase(s): default

